# JRE version: Java(TM) SE Runtime Environment (8.0_40-b26) (build 1.8.0_40-b26)
# Java VM: Java HotSpot(TM) 64-Bit Server VM (25.40-b25 mixed mode windows-amd64 compressed oops)
Heap:
 PSYoungGen      total 162816K, used 109207K [0x00000000eab00000, 0x00000000f6980000, 0x0000000100000000)
  eden space 154112K, 70% used [0x00000000eab00000,0x00000000f15a5ed0,0x00000000f4180000)
  from space 8704K, 0% used [0x00000000f4180000,0x00000000f4180000,0x00000000f4a00000)
  to   space 9216K, 0% used [0x00000000f6080000,0x00000000f6080000,0x00000000f6980000)
 ParOldGen       total 58880K, used 51170K [0x00000000c0000000, 0x00000000c3980000, 0x00000000eab00000)
  object space 58880K, 86% used [0x00000000c0000000,0x00000000c31f8a48,0x00000000c3980000)
 Metaspace       used 70872K, capacity 79974K, committed 80000K, reserved 1118208K
  class space    used 9206K, capacity 11887K, committed 11904K, reserved 1048576K
GC Heap History (10 events):
Event: 19.359 GC heap before
{Heap before GC invocations=19 (full 2):
 PSYoungGen      total 158720K, used 39338K [0x00000000eab00000, 0x00000000f5280000, 0x0000000100000000)
  eden space 153600K, 22% used [0x00000000eab00000,0x00000000eccca798,0x00000000f4100000)
  from space 5120K, 92% used [0x00000000f4d80000,0x00000000f5220360,0x00000000f5280000)
  to   space 8704K, 0% used [0x00000000f4180000,0x00000000f4180000,0x00000000f4a00000)
 ParOldGen       total 43520K, used 30374K [0x00000000c0000000, 0x00000000c2a80000, 0x00000000eab00000)
  object space 43520K, 69% used [0x00000000c0000000,0x00000000c1da9a08,0x00000000c2a80000)
 Metaspace       used 52394K, capacity 58912K, committed 59028K, reserved 1099776K
  class space    used 6739K, capacity 8646K, committed 8704K, reserved 1048576K
Event: 19.377 GC heap after
Heap after GC invocations=19 (full 2):
 PSYoungGen      total 162304K, used 1822K [0x00000000eab00000, 0x00000000f5280000, 0x0000000100000000)
  eden space 153600K, 0% used [0x00000000eab00000,0x00000000eab00000,0x00000000f4100000)
  from space 8704K, 20% used [0x00000000f4180000,0x00000000f4347958,0x00000000f4a00000)
  to   space 5120K, 0% used [0x00000000f4d80000,0x00000000f4d80000,0x00000000f5280000)
 ParOldGen       total 58880K, used 57751K [0x00000000c0000000, 0x00000000c3980000, 0x00000000eab00000)
  object space 58880K, 98% used [0x00000000c0000000,0x00000000c3865db0,0x00000000c3980000)
 Metaspace       used 52394K, capacity 58912K, committed 59028K, reserved 1099776K
  class space    used 6739K, capacity 8646K, committed 8704K, reserved 1048576K
}
Event: 19.377 GC heap before
{Heap before GC invocations=20 (full 3):
 PSYoungGen      total 162304K, used 1822K [0x00000000eab00000, 0x00000000f5280000, 0x0000000100000000)
  eden space 153600K, 0% used [0x00000000eab00000,0x00000000eab00000,0x00000000f4100000)
  from space 8704K, 20% used [0x00000000f4180000,0x00000000f4347958,0x00000000f4a00000)
  to   space 5120K, 0% used [0x00000000f4d80000,0x00000000f4d80000,0x00000000f5280000)
 ParOldGen       total 58880K, used 57751K [0x00000000c0000000, 0x00000000c3980000, 0x00000000eab00000)
  object space 58880K, 98% used [0x00000000c0000000,0x00000000c3865db0,0x00000000c3980000)
 Metaspace       used 52394K, capacity 58912K, committed 59028K, reserved 1099776K
  class space    used 6739K, capacity 8646K, committed 8704K, reserved 1048576K
Event: 19.641 GC heap after
Heap after GC invocations=20 (full 3):
 PSYoungGen      total 162304K, used 0K [0x00000000eab00000, 0x00000000f5280000, 0x0000000100000000)
  eden space 153600K, 0% used [0x00000000eab00000,0x00000000eab00000,0x00000000f4100000)
  from space 8704K, 0% used [0x00000000f4180000,0x00000000f4180000,0x00000000f4a00000)
  to   space 5120K, 0% used [0x00000000f4d80000,0x00000000f4d80000,0x00000000f5280000)
 ParOldGen       total 58880K, used 42837K [0x00000000c0000000, 0x00000000c3980000, 0x00000000eab00000)
  object space 58880K, 72% used [0x00000000c0000000,0x00000000c29d55a0,0x00000000c3980000)
 Metaspace       used 52394K, capacity 58912K, committed 59028K, reserved 1099776K
  class space    used 6739K, capacity 8646K, committed 8704K, reserved 1048576K
}
Event: 20.513 GC heap before
{Heap before GC invocations=21 (full 3):
 PSYoungGen      total 162304K, used 153600K [0x00000000eab00000, 0x00000000f5280000, 0x0000000100000000)
  eden space 153600K, 100% used [0x00000000eab00000,0x00000000f4100000,0x00000000f4100000)
  from space 8704K, 0% used [0x00000000f4180000,0x00000000f4180000,0x00000000f4a00000)
  to   space 5120K, 0% used [0x00000000f4d80000,0x00000000f4d80000,0x00000000f5280000)
 ParOldGen       total 58880K, used 42837K [0x00000000c0000000, 0x00000000c3980000, 0x00000000eab00000)
  object space 58880K, 72% used [0x00000000c0000000,0x00000000c29d55a0,0x00000000c3980000)
 Metaspace       used 58532K, capacity 66860K, committed 67072K, reserved 1105920K
  class space    used 7624K, capacity 10233K, committed 10240K, reserved 1048576K
Event: 20.522 GC heap after
Heap after GC invocations=21 (full 3):
 PSYoungGen      total 158720K, used 5110K [0x00000000eab00000, 0x00000000f5280000, 0x0000000100000000)
  eden space 153600K, 0% used [0x00000000eab00000,0x00000000eab00000,0x00000000f4100000)
  from space 5120K, 99% used [0x00000000f4d80000,0x00000000f527d978,0x00000000f5280000)
  to   space 8704K, 0% used [0x00000000f4180000,0x00000000f4180000,0x00000000f4a00000)
 ParOldGen       total 58880K, used 43746K [0x00000000c0000000, 0x00000000c3980000, 0x00000000eab00000)
  object space 58880K, 74% used [0x00000000c0000000,0x00000000c2ab8af0,0x00000000c3980000)
 Metaspace       used 58532K, capacity 66860K, committed 67072K, reserved 1105920K
  class space    used 7624K, capacity 10233K, committed 10240K, reserved 1048576K
}
Event: 21.201 GC heap before
{Heap before GC invocations=22 (full 3):
 PSYoungGen      total 158720K, used 158710K [0x00000000eab00000, 0x00000000f5280000, 0x0000000100000000)
  eden space 153600K, 100% used [0x00000000eab00000,0x00000000f4100000,0x00000000f4100000)
  from space 5120K, 99% used [0x00000000f4d80000,0x00000000f527d978,0x00000000f5280000)
  to   space 8704K, 0% used [0x00000000f4180000,0x00000000f4180000,0x00000000f4a00000)
 ParOldGen       total 58880K, used 43746K [0x00000000c0000000, 0x00000000c3980000, 0x00000000eab00000)
  object space 58880K, 74% used [0x00000000c0000000,0x00000000c2ab8af0,0x00000000c3980000)
 Metaspace       used 65867K, capacity 74632K, committed 74752K, reserved 1112064K
  class space    used 8535K, capacity 11184K, committed 11264K, reserved 1048576K
Event: 21.214 GC heap after
Heap after GC invocations=22 (full 3):
 PSYoungGen      total 162816K, used 4906K [0x00000000eab00000, 0x00000000f6980000, 0x0000000100000000)
  eden space 154112K, 0% used [0x00000000eab00000,0x00000000eab00000,0x00000000f4180000)
  from space 8704K, 56% used [0x00000000f4180000,0x00000000f464a9d0,0x00000000f4a00000)
  to   space 9216K, 0% used [0x00000000f6080000,0x00000000f6080000,0x00000000f6980000)
 ParOldGen       total 58880K, used 48303K [0x00000000c0000000, 0x00000000c3980000, 0x00000000eab00000)
  object space 58880K, 82% used [0x00000000c0000000,0x00000000c2f2bda8,0x00000000c3980000)
 Metaspace       used 65867K, capacity 74632K, committed 74752K, reserved 1112064K
  class space    used 8535K, capacity 11184K, committed 11264K, reserved 1048576K
}
Event: 21.214 GC heap before
{Heap before GC invocations=23 (full 4):
 PSYoungGen      total 162816K, used 4906K [0x00000000eab00000, 0x00000000f6980000, 0x0000000100000000)
  eden space 154112K, 0% used [0x00000000eab00000,0x00000000eab00000,0x00000000f4180000)
  from space 8704K, 56% used [0x00000000f4180000,0x00000000f464a9d0,0x00000000f4a00000)
  to   space 9216K, 0% used [0x00000000f6080000,0x00000000f6080000,0x00000000f6980000)
 ParOldGen       total 58880K, used 48303K [0x00000000c0000000, 0x00000000c3980000, 0x00000000eab00000)
  object space 58880K, 82% used [0x00000000c0000000,0x00000000c2f2bda8,0x00000000c3980000)
 Metaspace       used 65867K, capacity 74632K, committed 74752K, reserved 1112064K
  class space    used 8535K, capacity 11184K, committed 11264K, reserved 1048576K
Event: 21.338 GC heap after
Heap after GC invocations=23 (full 4):
 PSYoungGen      total 162816K, used 0K [0x00000000eab00000, 0x00000000f6980000, 0x0000000100000000)
  eden space 154112K, 0% used [0x00000000eab00000,0x00000000eab00000,0x00000000f4180000)
  from space 8704K, 0% used [0x00000000f4180000,0x00000000f4180000,0x00000000f4a00000)
  to   space 9216K, 0% used [0x00000000f6080000,0x00000000f6080000,0x00000000f6980000)
 ParOldGen       total 58880K, used 51170K [0x00000000c0000000, 0x00000000c3980000, 0x00000000eab00000)
  object space 58880K, 86% used [0x00000000c0000000,0x00000000c31f8a48,0x00000000c3980000)
 Metaspace       used 65867K, capacity 74632K, committed 74752K, reserved 1112064K
  class space    used 8535K, capacity 11184K, committed 11264K, reserved 1048576K
}

